<?xml version="1.0" encoding="UTF-8"?>
<robot generator="Robot 4.1.3 (Python 3.10.2 on win32)" generated="20220311 16:05:34.129" rpa="false" schemaversion="2">
<suite id="s1" name="TestSitePractice" source="C:\Users\Elielson\Documents\cursoUdemy\RobotFramework\Web-testing-avancado\SuiteSiteTestePracticePO\tests\TestSitePractice.robot">
<test id="s1-t1" name="Caso de Teste com PO 02: Adicionar Cliente">
<kw name="Abrir navegador" library="Resource" type="SETUP">
<kw name="Open Browser" library="SeleniumLibrary">
<arg>about:blank</arg>
<arg>${BROWSER}</arg>
<doc>Opens a new browser instance to the optional ``url``.</doc>
<msg timestamp="20220311 16:05:34.465" level="INFO">Opening browser 'chrome' to base url 'about:blank'.</msg>
<status status="PASS" starttime="20220311 16:05:34.464" endtime="20220311 16:05:35.952"/>
</kw>
<status status="PASS" starttime="20220311 16:05:34.464" endtime="20220311 16:05:35.953"/>
</kw>
<kw name="Acessar a página home do site" library="Home">
<kw name="Go To" library="SeleniumLibrary">
<arg>${HOME_URL}</arg>
<doc>Navigates the current browser window to the provided ``url``.</doc>
<msg timestamp="20220311 16:05:35.955" level="INFO">Opening url 'http://automationpractice.com'</msg>
<status status="PASS" starttime="20220311 16:05:35.954" endtime="20220311 16:05:41.326"/>
</kw>
<kw name="Wait Until Element Is Visible" library="SeleniumLibrary">
<arg>${HOME_TOPMENU}</arg>
<doc>Waits until the element ``locator`` is visible.</doc>
<status status="PASS" starttime="20220311 16:05:41.326" endtime="20220311 16:05:41.361"/>
</kw>
<kw name="Title Should Be" library="SeleniumLibrary">
<arg>${HOME_TITLE}</arg>
<doc>Verifies that the current page title equals ``title``.</doc>
<msg timestamp="20220311 16:05:41.366" level="INFO">Page title is 'My Store'.</msg>
<status status="PASS" starttime="20220311 16:05:41.361" endtime="20220311 16:05:41.366"/>
</kw>
<status status="PASS" starttime="20220311 16:05:35.954" endtime="20220311 16:05:41.366"/>
</kw>
<kw name="Clicar em &quot;Sign in&quot;" library="Home">
<kw name="Wait Until Element Is Visible" library="SeleniumLibrary">
<arg>locator=//a[@class='login'][contains(.,'Sign in')]</arg>
<doc>Waits until the element ``locator`` is visible.</doc>
<status status="PASS" starttime="20220311 16:05:41.368" endtime="20220311 16:05:41.403"/>
</kw>
<kw name="Click Element" library="SeleniumLibrary">
<arg>locator=//a[@class='login'][contains(.,'Sign in')]</arg>
<doc>Click the element identified by ``locator``.</doc>
<msg timestamp="20220311 16:05:41.403" level="INFO">Clicking element '//a[@class='login'][contains(.,'Sign in')]'.</msg>
<status status="PASS" starttime="20220311 16:05:41.403" endtime="20220311 16:05:44.371"/>
</kw>
<status status="PASS" starttime="20220311 16:05:41.367" endtime="20220311 16:05:44.372"/>
</kw>
<kw name="Informar um e-mail válido" library="Authentication">
<kw name="Wait Until Element Is Visible" library="SeleniumLibrary">
<arg>locator=//h1[@class='page-heading'][contains(.,'Authentication')]</arg>
<doc>Waits until the element ``locator`` is visible.</doc>
<status status="PASS" starttime="20220311 16:05:44.373" endtime="20220311 16:05:44.417"/>
</kw>
<kw name="Click Element" library="SeleniumLibrary">
<arg>locator=//input[@type='text'][contains(@id,'create')]</arg>
<doc>Click the element identified by ``locator``.</doc>
<msg timestamp="20220311 16:05:44.417" level="INFO">Clicking element '//input[@type='text'][contains(@id,'create')]'.</msg>
<status status="PASS" starttime="20220311 16:05:44.417" endtime="20220311 16:05:44.488"/>
</kw>
<kw name="Input Text" library="SeleniumLibrary">
<arg>locator=//input[@type='text'][contains(@id,'create')]</arg>
<arg>text=elielson.elrick@gmail.com</arg>
<doc>Types the given ``text`` into the text field identified by ``locator``.</doc>
<msg timestamp="20220311 16:05:44.489" level="INFO">Typing text 'elielson.elrick@gmail.com' into text field '//input[@type='text'][contains(@id,'create')]'.</msg>
<status status="PASS" starttime="20220311 16:05:44.488" endtime="20220311 16:05:44.634"/>
</kw>
<status status="PASS" starttime="20220311 16:05:44.373" endtime="20220311 16:05:44.635"/>
</kw>
<kw name="Clicar em &quot;Create an account&quot;" library="Authentication">
<kw name="Click Element" library="SeleniumLibrary">
<arg>locator=//input[@type='text'][contains(@id,'create')]</arg>
<doc>Click the element identified by ``locator``.</doc>
<msg timestamp="20220311 16:05:44.637" level="INFO">Clicking element '//input[@type='text'][contains(@id,'create')]'.</msg>
<status status="PASS" starttime="20220311 16:05:44.636" endtime="20220311 16:05:44.685"/>
</kw>
<status status="PASS" starttime="20220311 16:05:44.635" endtime="20220311 16:05:44.685"/>
</kw>
<kw name="Preencher os dados obrigatórios" library="Form">
<kw name="Wait Until Element Is Visible" library="SeleniumLibrary">
<arg>locator=//h1[@class='page-heading'][contains(.,'Create an account')]</arg>
<doc>Waits until the element ``locator`` is visible.</doc>
<msg timestamp="20220311 16:05:49.943" level="INFO" html="true">&lt;/td&gt;&lt;/tr&gt;&lt;tr&gt;&lt;td colspan="3"&gt;&lt;a href="selenium-screenshot-4.png"&gt;&lt;img src="selenium-screenshot-4.png" width="800px"&gt;&lt;/a&gt;</msg>
<msg timestamp="20220311 16:05:49.947" level="FAIL">Element '//h1[@class='page-heading'][contains(.,'Create an account')]' not visible after 5 seconds.</msg>
<status status="FAIL" starttime="20220311 16:05:44.686" endtime="20220311 16:05:49.948"/>
</kw>
<kw name="Click Element" library="SeleniumLibrary">
<arg>locator=//input[@type='radio'][contains(@id,'gender1')]</arg>
<doc>Click the element identified by ``locator``.</doc>
<status status="NOT RUN" starttime="20220311 16:05:49.948" endtime="20220311 16:05:49.949"/>
</kw>
<kw name="Click Element" library="SeleniumLibrary">
<arg>locator=//input[contains(@name,'customer_firstname')]</arg>
<doc>Click the element identified by ``locator``.</doc>
<status status="NOT RUN" starttime="20220311 16:05:49.949" endtime="20220311 16:05:49.949"/>
</kw>
<kw name="Input Text" library="SeleniumLibrary">
<arg>locator=//input[contains(@name,'customer_firstname')]</arg>
<arg>text=Elielson</arg>
<doc>Types the given ``text`` into the text field identified by ``locator``.</doc>
<status status="NOT RUN" starttime="20220311 16:05:49.949" endtime="20220311 16:05:49.949"/>
</kw>
<kw name="Click Element" library="SeleniumLibrary">
<arg>locator=//input[contains(@name,'customer_lastname')]</arg>
<doc>Click the element identified by ``locator``.</doc>
<status status="NOT RUN" starttime="20220311 16:05:49.949" endtime="20220311 16:05:49.949"/>
</kw>
<kw name="Input Text" library="SeleniumLibrary">
<arg>locator=//input[contains(@name,'customer_lastname')]</arg>
<arg>text=Silva</arg>
<doc>Types the given ``text`` into the text field identified by ``locator``.</doc>
<status status="NOT RUN" starttime="20220311 16:05:49.950" endtime="20220311 16:05:49.950"/>
</kw>
<kw name="Click Element" library="SeleniumLibrary">
<arg>locator=//input[contains(@type,'password')]</arg>
<doc>Click the element identified by ``locator``.</doc>
<status status="NOT RUN" starttime="20220311 16:05:49.950" endtime="20220311 16:05:49.950"/>
</kw>
<kw name="Input Password" library="SeleniumLibrary">
<arg>locator=//input[contains(@type,'password')]</arg>
<arg>password=123456</arg>
<doc>Types the given password into the text field identified by ``locator``.</doc>
<status status="NOT RUN" starttime="20220311 16:05:49.950" endtime="20220311 16:05:49.950"/>
</kw>
<kw name="Click Element" library="SeleniumLibrary">
<arg>locator=//select[contains(@name,'days')]</arg>
<doc>Click the element identified by ``locator``.</doc>
<status status="NOT RUN" starttime="20220311 16:05:49.950" endtime="20220311 16:05:49.950"/>
</kw>
<kw name="Click Element" library="SeleniumLibrary">
<arg>locator=//option[@value='16'][contains(.,'16')]</arg>
<doc>Click the element identified by ``locator``.</doc>
<status status="NOT RUN" starttime="20220311 16:05:49.950" endtime="20220311 16:05:49.950"/>
</kw>
<kw name="Click Element" library="SeleniumLibrary">
<arg>locator=//select[contains(@name,'months')]</arg>
<doc>Click the element identified by ``locator``.</doc>
<status status="NOT RUN" starttime="20220311 16:05:49.951" endtime="20220311 16:05:49.951"/>
</kw>
<kw name="Click Element" library="SeleniumLibrary">
<arg>locator=//option[@value='7'][contains(.,'July')]</arg>
<doc>Click the element identified by ``locator``.</doc>
<status status="NOT RUN" starttime="20220311 16:05:49.951" endtime="20220311 16:05:49.951"/>
</kw>
<kw name="Click Element" library="SeleniumLibrary">
<arg>locator=//select[contains(@name,'years')]</arg>
<doc>Click the element identified by ``locator``.</doc>
<status status="NOT RUN" starttime="20220311 16:05:49.951" endtime="20220311 16:05:49.951"/>
</kw>
<kw name="Click Element" library="SeleniumLibrary">
<arg>locator=//option[@value='1993'][contains(.,'1993')]</arg>
<doc>Click the element identified by ``locator``.</doc>
<status status="NOT RUN" starttime="20220311 16:05:49.951" endtime="20220311 16:05:49.951"/>
</kw>
<kw name="Click Element" library="SeleniumLibrary">
<arg>locator=//input[contains(@name,'newsletter')]</arg>
<doc>Click the element identified by ``locator``.</doc>
<status status="NOT RUN" starttime="20220311 16:05:49.951" endtime="20220311 16:05:49.951"/>
</kw>
<kw name="Click Element" library="SeleniumLibrary">
<arg>locator=//input[@name='firstname']</arg>
<doc>Click the element identified by ``locator``.</doc>
<status status="NOT RUN" starttime="20220311 16:05:49.951" endtime="20220311 16:05:49.951"/>
</kw>
<kw name="Input Text" library="SeleniumLibrary">
<arg>locator=//input[@name='firstname']</arg>
<arg>text=Elielson</arg>
<doc>Types the given ``text`` into the text field identified by ``locator``.</doc>
<status status="NOT RUN" starttime="20220311 16:05:49.952" endtime="20220311 16:05:49.952"/>
</kw>
<kw name="Click Element" library="SeleniumLibrary">
<arg>locator=//input[@name='lastname']</arg>
<doc>Click the element identified by ``locator``.</doc>
<status status="NOT RUN" starttime="20220311 16:05:49.952" endtime="20220311 16:05:49.952"/>
</kw>
<kw name="Input Text" library="SeleniumLibrary">
<arg>locator=//input[@name='lastname']</arg>
<arg>text=Silva</arg>
<doc>Types the given ``text`` into the text field identified by ``locator``.</doc>
<status status="NOT RUN" starttime="20220311 16:05:49.952" endtime="20220311 16:05:49.952"/>
</kw>
<kw name="Click Element" library="SeleniumLibrary">
<arg>locator=//input[contains(@name,'company')]</arg>
<doc>Click the element identified by ``locator``.</doc>
<status status="NOT RUN" starttime="20220311 16:05:49.952" endtime="20220311 16:05:49.952"/>
</kw>
<kw name="Input Text" library="SeleniumLibrary">
<arg>locator=//input[contains(@name,'company')]</arg>
<arg>text=Chapa, House</arg>
<doc>Types the given ``text`` into the text field identified by ``locator``.</doc>
<status status="NOT RUN" starttime="20220311 16:05:49.952" endtime="20220311 16:05:49.952"/>
</kw>
<kw name="Click Element" library="SeleniumLibrary">
<arg>locator=//input[contains(@name,'address1')]</arg>
<doc>Click the element identified by ``locator``.</doc>
<status status="NOT RUN" starttime="20220311 16:05:49.952" endtime="20220311 16:05:49.952"/>
</kw>
<kw name="Input Text" library="SeleniumLibrary">
<arg>locator=//input[contains(@name,'address1')]</arg>
<arg>text=Pereira, Abreu</arg>
<doc>Types the given ``text`` into the text field identified by ``locator``.</doc>
<status status="NOT RUN" starttime="20220311 16:05:49.953" endtime="20220311 16:05:49.953"/>
</kw>
<kw name="Click Element" library="SeleniumLibrary">
<arg>locator=//input[contains(@class,'form-control uniform-input text')]</arg>
<doc>Click the element identified by ``locator``.</doc>
<status status="NOT RUN" starttime="20220311 16:05:49.953" endtime="20220311 16:05:49.953"/>
</kw>
<kw name="Input Text" library="SeleniumLibrary">
<arg>locator=//input[contains(@class,'form-control uniform-input text')]</arg>
<arg>text=São Paulo</arg>
<doc>Types the given ``text`` into the text field identified by ``locator``.</doc>
<status status="NOT RUN" starttime="20220311 16:05:49.953" endtime="20220311 16:05:49.953"/>
</kw>
<kw name="Click Element" library="SeleniumLibrary">
<arg>locator=//input[contains(@name,'address2')]</arg>
<doc>Click the element identified by ``locator``.</doc>
<status status="NOT RUN" starttime="20220311 16:05:49.953" endtime="20220311 16:05:49.953"/>
</kw>
<kw name="Input Text" library="SeleniumLibrary">
<arg>locator=//input[contains(@name,'address2')]</arg>
<arg>text=suite</arg>
<doc>Types the given ``text`` into the text field identified by ``locator``.</doc>
<status status="NOT RUN" starttime="20220311 16:05:49.953" endtime="20220311 16:05:49.953"/>
</kw>
<kw name="Click Element" library="SeleniumLibrary">
<arg>locator=//input[contains(@name,'city')]</arg>
<doc>Click the element identified by ``locator``.</doc>
<status status="NOT RUN" starttime="20220311 16:05:49.953" endtime="20220311 16:05:49.953"/>
</kw>
<kw name="Input Text" library="SeleniumLibrary">
<arg>locator=//input[contains(@name,'city')]</arg>
<arg>text=São paulo</arg>
<doc>Types the given ``text`` into the text field identified by ``locator``.</doc>
<status status="NOT RUN" starttime="20220311 16:05:49.953" endtime="20220311 16:05:49.954"/>
</kw>
<kw name="Click Element" library="SeleniumLibrary">
<arg>locator=//select[@name='id_state'][contains(@id,'state')]</arg>
<doc>Click the element identified by ``locator``.</doc>
<status status="NOT RUN" starttime="20220311 16:05:49.954" endtime="20220311 16:05:49.954"/>
</kw>
<kw name="Click Element" library="SeleniumLibrary">
<arg>locator=//option[@value='16'][contains(.,'Kansas')]</arg>
<doc>Click the element identified by ``locator``.</doc>
<status status="NOT RUN" starttime="20220311 16:05:49.954" endtime="20220311 16:05:49.954"/>
</kw>
<kw name="Click Element" library="SeleniumLibrary">
<arg>locator=//input[contains(@class,'form-control uniform-input text')]</arg>
<doc>Click the element identified by ``locator``.</doc>
<status status="NOT RUN" starttime="20220311 16:05:49.954" endtime="20220311 16:05:49.954"/>
</kw>
<kw name="Input Text" library="SeleniumLibrary">
<arg>locator=//input[contains(@class,'form-control uniform-input text')]</arg>
<arg>text=00000</arg>
<doc>Types the given ``text`` into the text field identified by ``locator``.</doc>
<status status="NOT RUN" starttime="20220311 16:05:49.954" endtime="20220311 16:05:49.954"/>
</kw>
<kw name="Click Element" library="SeleniumLibrary">
<arg>locator=//input[@name='phone']</arg>
<doc>Click the element identified by ``locator``.</doc>
<status status="NOT RUN" starttime="20220311 16:05:49.954" endtime="20220311 16:05:49.954"/>
</kw>
<kw name="Input Text" library="SeleniumLibrary">
<arg>locator=//input[@name='phone']</arg>
<arg>text=1234-4321</arg>
<doc>Types the given ``text`` into the text field identified by ``locator``.</doc>
<status status="NOT RUN" starttime="20220311 16:05:49.954" endtime="20220311 16:05:49.954"/>
</kw>
<kw name="Click Element" library="SeleniumLibrary">
<arg>locator=//input[@type='text'][contains(@id,'mobile')]</arg>
<doc>Click the element identified by ``locator``.</doc>
<status status="NOT RUN" starttime="20220311 16:05:49.955" endtime="20220311 16:05:49.955"/>
</kw>
<kw name="Input Text" library="SeleniumLibrary">
<arg>locator=//input[@type='text'][contains(@id,'mobile')]</arg>
<arg>text=99876-5432</arg>
<doc>Types the given ``text`` into the text field identified by ``locator``.</doc>
<status status="NOT RUN" starttime="20220311 16:05:49.955" endtime="20220311 16:05:49.955"/>
</kw>
<kw name="Click Element" library="SeleniumLibrary">
<arg>locator=//input[contains(@name,'alias')]</arg>
<doc>Click the element identified by ``locator``.</doc>
<status status="NOT RUN" starttime="20220311 16:05:49.955" endtime="20220311 16:05:49.955"/>
</kw>
<kw name="Input Text" library="SeleniumLibrary">
<arg>locator=//input[contains(@name,'alias')]</arg>
<arg>text=ziguezum@gmail.com</arg>
<doc>Types the given ``text`` into the text field identified by ``locator``.</doc>
<status status="NOT RUN" starttime="20220311 16:05:49.955" endtime="20220311 16:05:49.956"/>
</kw>
<status status="FAIL" starttime="20220311 16:05:44.685" endtime="20220311 16:05:49.957"/>
</kw>
<kw name="Submeter cadastro" library="Form">
<status status="NOT RUN" starttime="20220311 16:05:49.958" endtime="20220311 16:05:49.958"/>
</kw>
<kw name="Conferir se o cadastro foi efetuado com sucesso" library="Form">
<status status="NOT RUN" starttime="20220311 16:05:49.958" endtime="20220311 16:05:49.958"/>
</kw>
<kw name="Fechar navegador" library="Resource" type="TEARDOWN">
<kw name="Close Browser" library="SeleniumLibrary">
<doc>Closes the current browser.</doc>
<status status="PASS" starttime="20220311 16:05:49.962" endtime="20220311 16:05:52.373"/>
</kw>
<status status="PASS" starttime="20220311 16:05:49.959" endtime="20220311 16:05:52.374"/>
</kw>
<status status="FAIL" starttime="20220311 16:05:34.463" endtime="20220311 16:05:52.375">Element '//h1[@class='page-heading'][contains(.,'Create an account')]' not visible after 5 seconds.</status>
</test>
<status status="FAIL" starttime="20220311 16:05:34.131" endtime="20220311 16:05:52.380"/>
</suite>
<statistics>
<total>
<stat pass="0" fail="1" skip="0">All Tests</stat>
</total>
<tag>
</tag>
<suite>
<stat pass="0" fail="1" skip="0" id="s1" name="TestSitePractice">TestSitePractice</stat>
</suite>
</statistics>
<errors>
</errors>
</robot>
